2026-01-16 16:50:02,824 [trainer.py] => config: configs/Template_domainnet_duct.json
2026-01-16 16:50:02,824 [trainer.py] => prefix: Reproduce
2026-01-16 16:50:02,824 [trainer.py] => dataset: domainnet
2026-01-16 16:50:02,824 [trainer.py] => task_name: ['clipart', 'infograph', 'painting', 'quickdraw', 'real', 'sketch']
2026-01-16 16:50:02,824 [trainer.py] => data_path: /root/autodl-tmp/DATASETS/domainnet/
2026-01-16 16:50:02,824 [trainer.py] => device: [device(type='cuda', index=0)]
2026-01-16 16:50:02,824 [trainer.py] => re_scalar: 1.0
2026-01-16 16:50:02,824 [trainer.py] => memory_size: 0
2026-01-16 16:50:02,824 [trainer.py] => memory_per_class: 0
2026-01-16 16:50:02,824 [trainer.py] => fixed_memory: True
2026-01-16 16:50:02,824 [trainer.py] => shuffle: False
2026-01-16 16:50:02,824 [trainer.py] => init_cls: 345
2026-01-16 16:50:02,824 [trainer.py] => increment: 345
2026-01-16 16:50:02,824 [trainer.py] => total_sessions: 6
2026-01-16 16:50:02,824 [trainer.py] => model_name: duct
2026-01-16 16:50:02,824 [trainer.py] => net_type: vit
2026-01-16 16:50:02,824 [trainer.py] => merge_scalar: 0.25
2026-01-16 16:50:02,824 [trainer.py] => head_merge_ratio: 0.25
2026-01-16 16:50:02,824 [trainer.py] => lr_re: 0.001
2026-01-16 16:50:02,824 [trainer.py] => epc_re: 5
2026-01-16 16:50:02,825 [trainer.py] => embd_dim: 768
2026-01-16 16:50:02,825 [trainer.py] => bcb_lr_scale: 0.01
2026-01-16 16:50:02,825 [trainer.py] => epochs: 15
2026-01-16 16:50:02,825 [trainer.py] => lrate: 0.1
2026-01-16 16:50:02,825 [trainer.py] => milestones: [60, 100, 140]
2026-01-16 16:50:02,825 [trainer.py] => seed: 1993
2026-01-16 16:50:02,825 [trainer.py] => EPSILON: 1e-08
2026-01-16 16:50:02,825 [trainer.py] => ot_reg: 0.01
2026-01-16 16:50:02,825 [trainer.py] => lrate_decay: 0.1
2026-01-16 16:50:02,825 [trainer.py] => weight_decay: 0.0005
2026-01-16 16:50:02,825 [trainer.py] => batch_size: 128
2026-01-16 16:50:02,825 [trainer.py] => num_workers: 16
2026-01-16 16:50:02,825 [trainer.py] => logfilename: logs/Reproduce_1993_duct_vit_domainnet_345_345_2026-01-16-16:50:02
2026-01-16 16:50:02,825 [data.py] => Learning sequence of domains: ['clipart', 'infograph', 'painting', 'quickdraw', 'real', 'sketch']
2026-01-16 16:50:04,427 [data_manager.py] => class order: [0, 1, 2, 3, 4, 5, 6, 7, 8, 9, 10, 11, 12, 13, 14, 15, 16, 17, 18, 19, 20, 21, 22, 23, 24, 25, 26, 27, 28, 29, 30, 31, 32, 33, 34, 35, 36, 37, 38, 39, 40, 41, 42, 43, 44, 45, 46, 47, 48, 49, 50, 51, 52, 53, 54, 55, 56, 57, 58, 59, 60, 61, 62, 63, 64, 65, 66, 67, 68, 69, 70, 71, 72, 73, 74, 75, 76, 77, 78, 79, 80, 81, 82, 83, 84, 85, 86, 87, 88, 89, 90, 91, 92, 93, 94, 95, 96, 97, 98, 99, 100, 101, 102, 103, 104, 105, 106, 107, 108, 109, 110, 111, 112, 113, 114, 115, 116, 117, 118, 119, 120, 121, 122, 123, 124, 125, 126, 127, 128, 129, 130, 131, 132, 133, 134, 135, 136, 137, 138, 139, 140, 141, 142, 143, 144, 145, 146, 147, 148, 149, 150, 151, 152, 153, 154, 155, 156, 157, 158, 159, 160, 161, 162, 163, 164, 165, 166, 167, 168, 169, 170, 171, 172, 173, 174, 175, 176, 177, 178, 179, 180, 181, 182, 183, 184, 185, 186, 187, 188, 189, 190, 191, 192, 193, 194, 195, 196, 197, 198, 199, 200, 201, 202, 203, 204, 205, 206, 207, 208, 209, 210, 211, 212, 213, 214, 215, 216, 217, 218, 219, 220, 221, 222, 223, 224, 225, 226, 227, 228, 229, 230, 231, 232, 233, 234, 235, 236, 237, 238, 239, 240, 241, 242, 243, 244, 245, 246, 247, 248, 249, 250, 251, 252, 253, 254, 255, 256, 257, 258, 259, 260, 261, 262, 263, 264, 265, 266, 267, 268, 269, 270, 271, 272, 273, 274, 275, 276, 277, 278, 279, 280, 281, 282, 283, 284, 285, 286, 287, 288, 289, 290, 291, 292, 293, 294, 295, 296, 297, 298, 299, 300, 301, 302, 303, 304, 305, 306, 307, 308, 309, 310, 311, 312, 313, 314, 315, 316, 317, 318, 319, 320, 321, 322, 323, 324, 325, 326, 327, 328, 329, 330, 331, 332, 333, 334, 335, 336, 337, 338, 339, 340, 341, 342, 343, 344, 345, 346, 347, 348, 349, 350, 351, 352, 353, 354, 355, 356, 357, 358, 359, 360, 361, 362, 363, 364, 365, 366, 367, 368, 369, 370, 371, 372, 373, 374, 375, 376, 377, 378, 379, 380, 381, 382, 383, 384, 385, 386, 387, 388, 389, 390, 391, 392, 393, 394, 395, 396, 397, 398, 399, 400, 401, 402, 403, 404, 405, 406, 407, 408, 409, 410, 411, 412, 413, 414, 415, 416, 417, 418, 419, 420, 421, 422, 423, 424, 425, 426, 427, 428, 429, 430, 431, 432, 433, 434, 435, 436, 437, 438, 439, 440, 441, 442, 443, 444, 445, 446, 447, 448, 449, 450, 451, 452, 453, 454, 455, 456, 457, 458, 459, 460, 461, 462, 463, 464, 465, 466, 467, 468, 469, 470, 471, 472, 473, 474, 475, 476, 477, 478, 479, 480, 481, 482, 483, 484, 485, 486, 487, 488, 489, 490, 491, 492, 493, 494, 495, 496, 497, 498, 499, 500, 501, 502, 503, 504, 505, 506, 507, 508, 509, 510, 511, 512, 513, 514, 515, 516, 517, 518, 519, 520, 521, 522, 523, 524, 525, 526, 527, 528, 529, 530, 531, 532, 533, 534, 535, 536, 537, 538, 539, 540, 541, 542, 543, 544, 545, 546, 547, 548, 549, 550, 551, 552, 553, 554, 555, 556, 557, 558, 559, 560, 561, 562, 563, 564, 565, 566, 567, 568, 569, 570, 571, 572, 573, 574, 575, 576, 577, 578, 579, 580, 581, 582, 583, 584, 585, 586, 587, 588, 589, 590, 591, 592, 593, 594, 595, 596, 597, 598, 599, 600, 601, 602, 603, 604, 605, 606, 607, 608, 609, 610, 611, 612, 613, 614, 615, 616, 617, 618, 619, 620, 621, 622, 623, 624, 625, 626, 627, 628, 629, 630, 631, 632, 633, 634, 635, 636, 637, 638, 639, 640, 641, 642, 643, 644, 645, 646, 647, 648, 649, 650, 651, 652, 653, 654, 655, 656, 657, 658, 659, 660, 661, 662, 663, 664, 665, 666, 667, 668, 669, 670, 671, 672, 673, 674, 675, 676, 677, 678, 679, 680, 681, 682, 683, 684, 685, 686, 687, 688, 689, 690, 691, 692, 693, 694, 695, 696, 697, 698, 699, 700, 701, 702, 703, 704, 705, 706, 707, 708, 709, 710, 711, 712, 713, 714, 715, 716, 717, 718, 719, 720, 721, 722, 723, 724, 725, 726, 727, 728, 729, 730, 731, 732, 733, 734, 735, 736, 737, 738, 739, 740, 741, 742, 743, 744, 745, 746, 747, 748, 749, 750, 751, 752, 753, 754, 755, 756, 757, 758, 759, 760, 761, 762, 763, 764, 765, 766, 767, 768, 769, 770, 771, 772, 773, 774, 775, 776, 777, 778, 779, 780, 781, 782, 783, 784, 785, 786, 787, 788, 789, 790, 791, 792, 793, 794, 795, 796, 797, 798, 799, 800, 801, 802, 803, 804, 805, 806, 807, 808, 809, 810, 811, 812, 813, 814, 815, 816, 817, 818, 819, 820, 821, 822, 823, 824, 825, 826, 827, 828, 829, 830, 831, 832, 833, 834, 835, 836, 837, 838, 839, 840, 841, 842, 843, 844, 845, 846, 847, 848, 849, 850, 851, 852, 853, 854, 855, 856, 857, 858, 859, 860, 861, 862, 863, 864, 865, 866, 867, 868, 869, 870, 871, 872, 873, 874, 875, 876, 877, 878, 879, 880, 881, 882, 883, 884, 885, 886, 887, 888, 889, 890, 891, 892, 893, 894, 895, 896, 897, 898, 899, 900, 901, 902, 903, 904, 905, 906, 907, 908, 909, 910, 911, 912, 913, 914, 915, 916, 917, 918, 919, 920, 921, 922, 923, 924, 925, 926, 927, 928, 929, 930, 931, 932, 933, 934, 935, 936, 937, 938, 939, 940, 941, 942, 943, 944, 945, 946, 947, 948, 949, 950, 951, 952, 953, 954, 955, 956, 957, 958, 959, 960, 961, 962, 963, 964, 965, 966, 967, 968, 969, 970, 971, 972, 973, 974, 975, 976, 977, 978, 979, 980, 981, 982, 983, 984, 985, 986, 987, 988, 989, 990, 991, 992, 993, 994, 995, 996, 997, 998, 999, 1000, 1001, 1002, 1003, 1004, 1005, 1006, 1007, 1008, 1009, 1010, 1011, 1012, 1013, 1014, 1015, 1016, 1017, 1018, 1019, 1020, 1021, 1022, 1023, 1024, 1025, 1026, 1027, 1028, 1029, 1030, 1031, 1032, 1033, 1034, 1035, 1036, 1037, 1038, 1039, 1040, 1041, 1042, 1043, 1044, 1045, 1046, 1047, 1048, 1049, 1050, 1051, 1052, 1053, 1054, 1055, 1056, 1057, 1058, 1059, 1060, 1061, 1062, 1063, 1064, 1065, 1066, 1067, 1068, 1069, 1070, 1071, 1072, 1073, 1074, 1075, 1076, 1077, 1078, 1079, 1080, 1081, 1082, 1083, 1084, 1085, 1086, 1087, 1088, 1089, 1090, 1091, 1092, 1093, 1094, 1095, 1096, 1097, 1098, 1099, 1100, 1101, 1102, 1103, 1104, 1105, 1106, 1107, 1108, 1109, 1110, 1111, 1112, 1113, 1114, 1115, 1116, 1117, 1118, 1119, 1120, 1121, 1122, 1123, 1124, 1125, 1126, 1127, 1128, 1129, 1130, 1131, 1132, 1133, 1134, 1135, 1136, 1137, 1138, 1139, 1140, 1141, 1142, 1143, 1144, 1145, 1146, 1147, 1148, 1149, 1150, 1151, 1152, 1153, 1154, 1155, 1156, 1157, 1158, 1159, 1160, 1161, 1162, 1163, 1164, 1165, 1166, 1167, 1168, 1169, 1170, 1171, 1172, 1173, 1174, 1175, 1176, 1177, 1178, 1179, 1180, 1181, 1182, 1183, 1184, 1185, 1186, 1187, 1188, 1189, 1190, 1191, 1192, 1193, 1194, 1195, 1196, 1197, 1198, 1199, 1200, 1201, 1202, 1203, 1204, 1205, 1206, 1207, 1208, 1209, 1210, 1211, 1212, 1213, 1214, 1215, 1216, 1217, 1218, 1219, 1220, 1221, 1222, 1223, 1224, 1225, 1226, 1227, 1228, 1229, 1230, 1231, 1232, 1233, 1234, 1235, 1236, 1237, 1238, 1239, 1240, 1241, 1242, 1243, 1244, 1245, 1246, 1247, 1248, 1249, 1250, 1251, 1252, 1253, 1254, 1255, 1256, 1257, 1258, 1259, 1260, 1261, 1262, 1263, 1264, 1265, 1266, 1267, 1268, 1269, 1270, 1271, 1272, 1273, 1274, 1275, 1276, 1277, 1278, 1279, 1280, 1281, 1282, 1283, 1284, 1285, 1286, 1287, 1288, 1289, 1290, 1291, 1292, 1293, 1294, 1295, 1296, 1297, 1298, 1299, 1300, 1301, 1302, 1303, 1304, 1305, 1306, 1307, 1308, 1309, 1310, 1311, 1312, 1313, 1314, 1315, 1316, 1317, 1318, 1319, 1320, 1321, 1322, 1323, 1324, 1325, 1326, 1327, 1328, 1329, 1330, 1331, 1332, 1333, 1334, 1335, 1336, 1337, 1338, 1339, 1340, 1341, 1342, 1343, 1344, 1345, 1346, 1347, 1348, 1349, 1350, 1351, 1352, 1353, 1354, 1355, 1356, 1357, 1358, 1359, 1360, 1361, 1362, 1363, 1364, 1365, 1366, 1367, 1368, 1369, 1370, 1371, 1372, 1373, 1374, 1375, 1376, 1377, 1378, 1379, 1380, 1381, 1382, 1383, 1384, 1385, 1386, 1387, 1388, 1389, 1390, 1391, 1392, 1393, 1394, 1395, 1396, 1397, 1398, 1399, 1400, 1401, 1402, 1403, 1404, 1405, 1406, 1407, 1408, 1409, 1410, 1411, 1412, 1413, 1414, 1415, 1416, 1417, 1418, 1419, 1420, 1421, 1422, 1423, 1424, 1425, 1426, 1427, 1428, 1429, 1430, 1431, 1432, 1433, 1434, 1435, 1436, 1437, 1438, 1439, 1440, 1441, 1442, 1443, 1444, 1445, 1446, 1447, 1448, 1449, 1450, 1451, 1452, 1453, 1454, 1455, 1456, 1457, 1458, 1459, 1460, 1461, 1462, 1463, 1464, 1465, 1466, 1467, 1468, 1469, 1470, 1471, 1472, 1473, 1474, 1475, 1476, 1477, 1478, 1479, 1480, 1481, 1482, 1483, 1484, 1485, 1486, 1487, 1488, 1489, 1490, 1491, 1492, 1493, 1494, 1495, 1496, 1497, 1498, 1499, 1500, 1501, 1502, 1503, 1504, 1505, 1506, 1507, 1508, 1509, 1510, 1511, 1512, 1513, 1514, 1515, 1516, 1517, 1518, 1519, 1520, 1521, 1522, 1523, 1524, 1525, 1526, 1527, 1528, 1529, 1530, 1531, 1532, 1533, 1534, 1535, 1536, 1537, 1538, 1539, 1540, 1541, 1542, 1543, 1544, 1545, 1546, 1547, 1548, 1549, 1550, 1551, 1552, 1553, 1554, 1555, 1556, 1557, 1558, 1559, 1560, 1561, 1562, 1563, 1564, 1565, 1566, 1567, 1568, 1569, 1570, 1571, 1572, 1573, 1574, 1575, 1576, 1577, 1578, 1579, 1580, 1581, 1582, 1583, 1584, 1585, 1586, 1587, 1588, 1589, 1590, 1591, 1592, 1593, 1594, 1595, 1596, 1597, 1598, 1599, 1600, 1601, 1602, 1603, 1604, 1605, 1606, 1607, 1608, 1609, 1610, 1611, 1612, 1613, 1614, 1615, 1616, 1617, 1618, 1619, 1620, 1621, 1622, 1623, 1624, 1625, 1626, 1627, 1628, 1629, 1630, 1631, 1632, 1633, 1634, 1635, 1636, 1637, 1638, 1639, 1640, 1641, 1642, 1643, 1644, 1645, 1646, 1647, 1648, 1649, 1650, 1651, 1652, 1653, 1654, 1655, 1656, 1657, 1658, 1659, 1660, 1661, 1662, 1663, 1664, 1665, 1666, 1667, 1668, 1669, 1670, 1671, 1672, 1673, 1674, 1675, 1676, 1677, 1678, 1679, 1680, 1681, 1682, 1683, 1684, 1685, 1686, 1687, 1688, 1689, 1690, 1691, 1692, 1693, 1694, 1695, 1696, 1697, 1698, 1699, 1700, 1701, 1702, 1703, 1704, 1705, 1706, 1707, 1708, 1709, 1710, 1711, 1712, 1713, 1714, 1715, 1716, 1717, 1718, 1719, 1720, 1721, 1722, 1723, 1724, 1725, 1726, 1727, 1728, 1729, 1730, 1731, 1732, 1733, 1734, 1735, 1736, 1737, 1738, 1739, 1740, 1741, 1742, 1743, 1744, 1745, 1746, 1747, 1748, 1749, 1750, 1751, 1752, 1753, 1754, 1755, 1756, 1757, 1758, 1759, 1760, 1761, 1762, 1763, 1764, 1765, 1766, 1767, 1768, 1769, 1770, 1771, 1772, 1773, 1774, 1775, 1776, 1777, 1778, 1779, 1780, 1781, 1782, 1783, 1784, 1785, 1786, 1787, 1788, 1789, 1790, 1791, 1792, 1793, 1794, 1795, 1796, 1797, 1798, 1799, 1800, 1801, 1802, 1803, 1804, 1805, 1806, 1807, 1808, 1809, 1810, 1811, 1812, 1813, 1814, 1815, 1816, 1817, 1818, 1819, 1820, 1821, 1822, 1823, 1824, 1825, 1826, 1827, 1828, 1829, 1830, 1831, 1832, 1833, 1834, 1835, 1836, 1837, 1838, 1839, 1840, 1841, 1842, 1843, 1844, 1845, 1846, 1847, 1848, 1849, 1850, 1851, 1852, 1853, 1854, 1855, 1856, 1857, 1858, 1859, 1860, 1861, 1862, 1863, 1864, 1865, 1866, 1867, 1868, 1869, 1870, 1871, 1872, 1873, 1874, 1875, 1876, 1877, 1878, 1879, 1880, 1881, 1882, 1883, 1884, 1885, 1886, 1887, 1888, 1889, 1890, 1891, 1892, 1893, 1894, 1895, 1896, 1897, 1898, 1899, 1900, 1901, 1902, 1903, 1904, 1905, 1906, 1907, 1908, 1909, 1910, 1911, 1912, 1913, 1914, 1915, 1916, 1917, 1918, 1919, 1920, 1921, 1922, 1923, 1924, 1925, 1926, 1927, 1928, 1929, 1930, 1931, 1932, 1933, 1934, 1935, 1936, 1937, 1938, 1939, 1940, 1941, 1942, 1943, 1944, 1945, 1946, 1947, 1948, 1949, 1950, 1951, 1952, 1953, 1954, 1955, 1956, 1957, 1958, 1959, 1960, 1961, 1962, 1963, 1964, 1965, 1966, 1967, 1968, 1969, 1970, 1971, 1972, 1973, 1974, 1975, 1976, 1977, 1978, 1979, 1980, 1981, 1982, 1983, 1984, 1985, 1986, 1987, 1988, 1989, 1990, 1991, 1992, 1993, 1994, 1995, 1996, 1997, 1998, 1999, 2000, 2001, 2002, 2003, 2004, 2005, 2006, 2007, 2008, 2009, 2010, 2011, 2012, 2013, 2014, 2015, 2016, 2017, 2018, 2019, 2020, 2021, 2022, 2023, 2024, 2025, 2026, 2027, 2028, 2029, 2030, 2031, 2032, 2033, 2034, 2035, 2036, 2037, 2038, 2039, 2040, 2041, 2042, 2043, 2044, 2045, 2046, 2047, 2048, 2049, 2050, 2051, 2052, 2053, 2054, 2055, 2056, 2057, 2058, 2059, 2060, 2061, 2062, 2063, 2064, 2065, 2066, 2067, 2068, 2069]
2026-01-16 16:50:20,509 [vit_inc.py] => You are now using `vit_base_patch16_224` as backbone.
2026-01-16 16:50:22,194 [_builder.py] => Loading pretrained weights from url (https://storage.googleapis.com/vit_models/augreg/B_16-i21k-300ep-lr_0.001-aug_medium1-wd_0.1-do_0.0-sd_0.0--imagenet2012-steps_20k-lr_0.01-res_224.npz)
2026-01-16 16:50:24,659 [trainer.py] => All params: 91326184
2026-01-16 16:50:24,660 [trainer.py] => Trainable params: 91326184
2026-01-16 16:50:24,660 [duct.py] => Learning on 0-345
2026-01-16 16:58:26,996 [duct.py] => Initial epochs: 15
2026-01-16 17:00:33,015 [duct.py] => Task 0, Epoch 1/15 => Loss 3.196
2026-01-16 17:02:38,559 [duct.py] => Task 0, Epoch 2/15 => Loss 1.226
2026-01-16 17:04:44,326 [duct.py] => Task 0, Epoch 3/15 => Loss 1.015
2026-01-16 17:06:50,148 [duct.py] => Task 0, Epoch 4/15 => Loss 0.886
2026-01-16 17:09:50,740 [base.py] => Hint: You are using _compute_accuracy_domain().
2026-01-16 17:10:18,098 [base.py] => Hint: You are using _compute_accuracy_domain().
2026-01-16 17:10:18,099 [duct.py] => Task 0, Epoch 5/15 => Loss 0.824, Train_accy 83.530, Test_accy 82.130
2026-01-16 17:12:23,790 [duct.py] => Task 0, Epoch 6/15 => Loss 0.756
2026-01-16 17:14:29,681 [duct.py] => Task 0, Epoch 7/15 => Loss 0.711
2026-01-16 17:16:35,476 [duct.py] => Task 0, Epoch 8/15 => Loss 0.678
2026-01-16 17:18:41,190 [duct.py] => Task 0, Epoch 9/15 => Loss 0.636
2026-01-16 17:21:43,010 [base.py] => Hint: You are using _compute_accuracy_domain().
2026-01-16 17:22:10,681 [base.py] => Hint: You are using _compute_accuracy_domain().
2026-01-16 17:22:10,683 [duct.py] => Task 0, Epoch 10/15 => Loss 0.615, Train_accy 87.480, Test_accy 82.250
2026-01-16 17:24:16,467 [duct.py] => Task 0, Epoch 11/15 => Loss 0.585
2026-01-16 17:26:22,295 [duct.py] => Task 0, Epoch 12/15 => Loss 0.577
2026-01-16 17:28:27,717 [duct.py] => Task 0, Epoch 13/15 => Loss 0.561
2026-01-16 17:30:32,024 [duct.py] => Task 0, Epoch 14/15 => Loss 0.547
2026-01-16 17:33:30,635 [base.py] => Hint: You are using _compute_accuracy_domain().
2026-01-16 17:33:58,024 [base.py] => Hint: You are using _compute_accuracy_domain().
2026-01-16 17:33:58,025 [duct.py] => Task 0, Epoch 15/15 => Loss 0.522, Train_accy 89.250, Test_accy 81.920
2026-01-16 17:55:20,400 [duct.py] => Backbone merge scalar: 0.25, re_scalar: 1.0
2026-01-16 17:55:48,187 [base.py] => Hint: You are using _compute_accuracy_domain().
2026-01-16 17:55:48,188 [duct.py] => Test accuracy of model after backbone merge: 65.35
2026-01-16 17:57:52,724 [duct.py] => Task 0, Epoch 1/5 => Loss 1.506
2026-01-16 17:59:58,307 [duct.py] => Task 0, Epoch 2/5 => Loss 1.315
2026-01-16 18:02:03,199 [duct.py] => Task 0, Epoch 3/5 => Loss 1.242
2026-01-16 18:04:07,920 [duct.py] => Task 0, Epoch 4/5 => Loss 1.220
2026-01-16 18:07:08,123 [base.py] => Hint: You are using _compute_accuracy_domain().
2026-01-16 18:07:35,699 [base.py] => Hint: You are using _compute_accuracy_domain().
2026-01-16 18:07:35,700 [duct.py] => Task 0, Epoch 5/5 => Loss 1.199, Train_accy 75.960, Test_accy 73.950
2026-01-16 18:08:02,594 [base.py] => Hint: You are using _compute_accuracy_domain().
2026-01-16 18:08:02,595 [duct.py] => Test accuracy of model after retraining: 73.95
2026-01-16 18:08:59,427 [trainer.py] => DUCT_VIT: {'total': 73.95, '00-344': 73.95, 'old': 0, 'new': 73.95}
2026-01-16 18:08:59,427 [trainer.py] => NME: {'total': 0.32, '00-344': 0.32, 'old': 0, 'new': 0.32}
2026-01-16 18:08:59,427 [trainer.py] => DUCT_VIT top1 curve: [73.95]
2026-01-16 18:08:59,427 [trainer.py] => NME top1 curve: [0.32]
2026-01-16 18:08:59,427 [trainer.py] => Average NME top1: 0.32
2026-01-16 18:08:59,427 [trainer.py] => Average top1: 73.95
2026-01-16 18:08:59,428 [trainer.py] => All params: 91591145
2026-01-16 18:08:59,428 [trainer.py] => Trainable params: 91591145
2026-01-16 18:08:59,428 [duct.py] => Learning on 345-690
2026-01-16 18:21:41,308 [duct.py] => Task 1, Epoch 1/15 => Loss 4.163
2026-01-16 18:23:56,238 [duct.py] => Task 1, Epoch 2/15 => Loss 2.880
2026-01-16 18:26:11,619 [duct.py] => Task 1, Epoch 3/15 => Loss 2.590
2026-01-16 18:28:27,340 [duct.py] => Task 1, Epoch 4/15 => Loss 2.428
2026-01-16 18:31:44,124 [base.py] => Hint: You are using _compute_accuracy_domain().
2026-01-16 18:32:36,083 [base.py] => Hint: You are using _compute_accuracy_domain().
2026-01-16 18:32:36,085 [duct.py] => Task 1, Epoch 5/15 => Loss 2.294, Train_accy 54.650, Test_accy 57.300
2026-01-16 18:34:51,751 [duct.py] => Task 1, Epoch 6/15 => Loss 2.174
2026-01-16 18:37:07,400 [duct.py] => Task 1, Epoch 7/15 => Loss 2.080
2026-01-16 18:39:23,885 [duct.py] => Task 1, Epoch 8/15 => Loss 1.988
2026-01-16 18:41:40,743 [duct.py] => Task 1, Epoch 9/15 => Loss 1.910
2026-01-16 18:44:58,253 [base.py] => Hint: You are using _compute_accuracy_domain().
2026-01-16 18:45:50,205 [base.py] => Hint: You are using _compute_accuracy_domain().
2026-01-16 18:45:50,206 [duct.py] => Task 1, Epoch 10/15 => Loss 1.826, Train_accy 62.400, Test_accy 58.660
2026-01-16 18:48:06,588 [duct.py] => Task 1, Epoch 11/15 => Loss 1.767
2026-01-16 18:50:23,294 [duct.py] => Task 1, Epoch 12/15 => Loss 1.676
2026-01-16 18:52:39,308 [duct.py] => Task 1, Epoch 13/15 => Loss 1.616
2026-01-16 18:54:55,244 [duct.py] => Task 1, Epoch 14/15 => Loss 1.541
2026-01-16 18:58:13,333 [base.py] => Hint: You are using _compute_accuracy_domain().
2026-01-16 18:59:05,320 [base.py] => Hint: You are using _compute_accuracy_domain().
2026-01-16 18:59:05,321 [duct.py] => Task 1, Epoch 15/15 => Loss 1.491, Train_accy 69.270, Test_accy 58.450
2026-01-16 19:24:30,996 [duct.py] => Backbone merge scalar: 0.25, re_scalar: 1.0
2026-01-16 19:25:23,046 [base.py] => Hint: You are using _compute_accuracy_domain().
2026-01-16 19:25:23,047 [duct.py] => Test accuracy of model after backbone merge: 59.41
2026-01-16 19:27:37,977 [duct.py] => Task 1, Epoch 1/5 => Loss 2.355
2026-01-16 19:29:53,547 [duct.py] => Task 1, Epoch 2/5 => Loss 2.238
2026-01-16 19:32:09,352 [duct.py] => Task 1, Epoch 3/5 => Loss 2.210
2026-01-16 19:34:24,783 [duct.py] => Task 1, Epoch 4/5 => Loss 2.192
2026-01-16 19:37:42,638 [base.py] => Hint: You are using _compute_accuracy_domain().
2026-01-16 19:38:35,009 [base.py] => Hint: You are using _compute_accuracy_domain().
2026-01-16 19:38:35,010 [duct.py] => Task 1, Epoch 5/5 => Loss 2.178, Train_accy 48.460, Test_accy 60.970
2026-01-16 19:39:26,734 [base.py] => Hint: You are using _compute_accuracy_domain().
2026-01-16 19:39:26,734 [duct.py] => Test accuracy of model after retraining: 60.97
2026-01-16 19:40:19,220 [base.py] => Hint: You are using _compute_accuracy_domain().
2026-01-16 19:40:19,220 [duct.py] => Test accuracy of model after classifier transport: 60.97
2026-01-16 19:42:15,256 [trainer.py] => DUCT_VIT: {'total': 60.97, '00-344': 78.94, '345-689': 44.13, 'old': 78.94, 'new': 44.13}
2026-01-16 19:42:15,257 [trainer.py] => NME: {'total': 0.69, '00-344': 0.55, '345-689': 0.81, 'old': 0.55, 'new': 0.81}
2026-01-16 19:42:15,257 [trainer.py] => DUCT_VIT top1 curve: [73.95, 60.97]
2026-01-16 19:42:15,257 [trainer.py] => NME top1 curve: [0.32, 0.69]
2026-01-16 19:42:15,257 [trainer.py] => Average NME top1: 0.505
2026-01-16 19:42:15,257 [trainer.py] => Average top1: 67.46000000000001
2026-01-16 19:42:15,258 [trainer.py] => All params: 91856105
2026-01-16 19:42:15,259 [trainer.py] => Trainable params: 91856105
2026-01-16 19:42:15,259 [duct.py] => Learning on 690-1035
2026-01-16 19:56:12,445 [duct.py] => Task 2, Epoch 1/15 => Loss 2.434
2026-01-16 19:59:19,983 [duct.py] => Task 2, Epoch 2/15 => Loss 1.302
2026-01-16 20:02:28,031 [duct.py] => Task 2, Epoch 3/15 => Loss 1.142
2026-01-16 20:05:36,134 [duct.py] => Task 2, Epoch 4/15 => Loss 1.035
2026-01-16 20:10:03,834 [base.py] => Hint: You are using _compute_accuracy_domain().
2026-01-16 20:11:28,933 [base.py] => Hint: You are using _compute_accuracy_domain().
2026-01-16 20:11:28,934 [duct.py] => Task 2, Epoch 5/15 => Loss 0.964, Train_accy 80.480, Test_accy 60.510
2026-01-16 20:14:35,404 [duct.py] => Task 2, Epoch 6/15 => Loss 0.898
2026-01-16 20:17:42,278 [duct.py] => Task 2, Epoch 7/15 => Loss 0.855
2026-01-16 20:20:50,221 [duct.py] => Task 2, Epoch 8/15 => Loss 0.825
2026-01-16 20:23:58,423 [duct.py] => Task 2, Epoch 9/15 => Loss 0.776
2026-01-16 20:28:28,937 [base.py] => Hint: You are using _compute_accuracy_domain().
2026-01-16 20:29:55,620 [base.py] => Hint: You are using _compute_accuracy_domain().
2026-01-16 20:29:55,621 [duct.py] => Task 2, Epoch 10/15 => Loss 0.745, Train_accy 84.840, Test_accy 59.850
2026-01-16 20:33:03,270 [duct.py] => Task 2, Epoch 11/15 => Loss 0.708
2026-01-16 20:36:09,229 [duct.py] => Task 2, Epoch 12/15 => Loss 0.683
2026-01-16 20:39:15,080 [duct.py] => Task 2, Epoch 13/15 => Loss 0.656
2026-01-16 20:42:21,365 [duct.py] => Task 2, Epoch 14/15 => Loss 0.627
2026-01-16 20:46:43,584 [base.py] => Hint: You are using _compute_accuracy_domain().
2026-01-16 20:48:02,446 [base.py] => Hint: You are using _compute_accuracy_domain().
2026-01-16 20:48:02,447 [duct.py] => Task 2, Epoch 15/15 => Loss 0.616, Train_accy 87.440, Test_accy 59.730
2026-01-16 21:16:36,656 [duct.py] => Backbone merge scalar: 0.25, re_scalar: 1.0
2026-01-16 21:17:55,187 [base.py] => Hint: You are using _compute_accuracy_domain().
2026-01-16 21:17:55,188 [duct.py] => Test accuracy of model after backbone merge: 66.75
2026-01-16 21:20:59,213 [duct.py] => Task 2, Epoch 1/5 => Loss 1.018
2026-01-16 21:24:03,833 [duct.py] => Task 2, Epoch 2/5 => Loss 0.956
2026-01-16 21:27:08,631 [duct.py] => Task 2, Epoch 3/5 => Loss 0.924
2026-01-16 21:30:13,250 [duct.py] => Task 2, Epoch 4/5 => Loss 0.917
2026-01-16 21:34:33,848 [base.py] => Hint: You are using _compute_accuracy_domain().
2026-01-16 21:35:52,601 [base.py] => Hint: You are using _compute_accuracy_domain().
2026-01-16 21:35:52,602 [duct.py] => Task 2, Epoch 5/5 => Loss 0.909, Train_accy 77.630, Test_accy 67.840
2026-01-16 21:37:15,137 [base.py] => Hint: You are using _compute_accuracy_domain().
2026-01-16 21:37:15,138 [duct.py] => Test accuracy of model after retraining: 67.84
2026-01-16 21:38:37,872 [base.py] => Hint: You are using _compute_accuracy_domain().
2026-01-16 21:38:37,873 [duct.py] => Test accuracy of model after classifier transport: 67.84
2026-01-16 21:41:45,965 [trainer.py] => DUCT_VIT: {'total': 67.84, '00-344': 79.18, '345-689': 44.89, '690-1034': 76.63, 'old': 61.48, 'new': 76.63}
2026-01-16 21:41:45,966 [trainer.py] => NME: {'total': 0.43, '00-344': 0.77, '345-689': 0.15, '690-1034': 0.39, 'old': 0.45, 'new': 0.39}
2026-01-16 21:41:45,966 [trainer.py] => DUCT_VIT top1 curve: [73.95, 60.97, 67.84]
2026-01-16 21:41:45,966 [trainer.py] => NME top1 curve: [0.32, 0.69, 0.43]
2026-01-16 21:41:45,966 [trainer.py] => Average NME top1: 0.48
2026-01-16 21:41:45,966 [trainer.py] => Average top1: 67.58666666666667
2026-01-16 21:41:45,967 [trainer.py] => All params: 92121065
2026-01-16 21:41:45,967 [trainer.py] => Trainable params: 92121065
2026-01-16 21:41:45,967 [duct.py] => Learning on 1035-1380
2026-01-16 22:01:53,263 [duct.py] => Task 3, Epoch 1/15 => Loss 3.467
2026-01-16 22:09:11,013 [duct.py] => Task 3, Epoch 2/15 => Loss 2.409
2026-01-16 22:16:28,534 [duct.py] => Task 3, Epoch 3/15 => Loss 2.250
2026-01-16 22:23:45,476 [duct.py] => Task 3, Epoch 4/15 => Loss 2.167
2026-01-16 22:33:56,119 [base.py] => Hint: You are using _compute_accuracy_domain().
2026-01-16 22:36:29,170 [base.py] => Hint: You are using _compute_accuracy_domain().
2026-01-16 22:36:29,170 [duct.py] => Task 3, Epoch 5/15 => Loss 2.101, Train_accy 52.860, Test_accy 49.150
2026-01-16 22:43:49,518 [duct.py] => Task 3, Epoch 6/15 => Loss 2.059
2026-01-16 22:51:06,403 [duct.py] => Task 3, Epoch 7/15 => Loss 2.021
2026-01-16 22:58:24,003 [duct.py] => Task 3, Epoch 8/15 => Loss 1.984
2026-01-16 23:05:41,478 [duct.py] => Task 3, Epoch 9/15 => Loss 1.959
2026-01-16 23:16:15,814 [base.py] => Hint: You are using _compute_accuracy_domain().
2026-01-16 23:19:03,434 [base.py] => Hint: You are using _compute_accuracy_domain().
2026-01-16 23:19:03,436 [duct.py] => Task 3, Epoch 10/15 => Loss 1.934, Train_accy 55.390, Test_accy 46.840
2026-01-16 23:26:27,949 [duct.py] => Task 3, Epoch 11/15 => Loss 1.896
2026-01-16 23:33:52,307 [duct.py] => Task 3, Epoch 12/15 => Loss 1.880
2026-01-16 23:41:16,644 [duct.py] => Task 3, Epoch 13/15 => Loss 1.863
2026-01-16 23:48:41,436 [duct.py] => Task 3, Epoch 14/15 => Loss 1.838
2026-01-16 23:59:13,229 [base.py] => Hint: You are using _compute_accuracy_domain().
2026-01-17 00:01:58,437 [base.py] => Hint: You are using _compute_accuracy_domain().
2026-01-17 00:01:58,437 [duct.py] => Task 3, Epoch 15/15 => Loss 1.823, Train_accy 58.080, Test_accy 45.300
2026-01-17 00:47:00,618 [duct.py] => Backbone merge scalar: 0.25, re_scalar: 1.0
2026-01-17 00:49:44,758 [base.py] => Hint: You are using _compute_accuracy_domain().
2026-01-17 00:49:44,759 [duct.py] => Test accuracy of model after backbone merge: 57.87
2026-01-17 00:57:06,433 [duct.py] => Task 3, Epoch 1/5 => Loss 2.581
2026-01-17 01:04:28,417 [duct.py] => Task 3, Epoch 2/5 => Loss 2.471
2026-01-17 01:11:49,521 [duct.py] => Task 3, Epoch 3/5 => Loss 2.452
2026-01-17 01:19:10,404 [duct.py] => Task 3, Epoch 4/5 => Loss 2.442
2026-01-17 01:29:36,013 [base.py] => Hint: You are using _compute_accuracy_domain().
2026-01-17 01:32:20,115 [base.py] => Hint: You are using _compute_accuracy_domain().
2026-01-17 01:32:20,116 [duct.py] => Task 3, Epoch 5/5 => Loss 2.443, Train_accy 44.000, Test_accy 63.970
2026-01-17 01:35:07,138 [base.py] => Hint: You are using _compute_accuracy_domain().
2026-01-17 01:35:07,139 [duct.py] => Test accuracy of model after retraining: 63.97
2026-01-17 01:37:51,780 [base.py] => Hint: You are using _compute_accuracy_domain().
2026-01-17 01:37:51,781 [duct.py] => Test accuracy of model after classifier transport: 63.97
2026-01-17 01:44:42,385 [trainer.py] => DUCT_VIT: {'total': 63.97, '00-344': 79.05, '345-689': 42.54, '690-1034': 75.67, '1035-1379': 61.23, 'old': 66.7, 'new': 61.23}
2026-01-17 01:44:42,385 [trainer.py] => NME: {'total': 0.37, '00-344': 0.76, '345-689': 0.14, '690-1034': 0.38, '1035-1379': 0.31, 'old': 0.42, 'new': 0.31}
2026-01-17 01:44:42,385 [trainer.py] => DUCT_VIT top1 curve: [73.95, 60.97, 67.84, 63.97]
2026-01-17 01:44:42,385 [trainer.py] => NME top1 curve: [0.32, 0.69, 0.43, 0.37]
2026-01-17 01:44:42,386 [trainer.py] => Average NME top1: 0.4525
2026-01-17 01:44:42,386 [trainer.py] => Average top1: 66.6825
2026-01-17 01:44:42,389 [trainer.py] => All params: 92386025
2026-01-17 01:44:42,390 [trainer.py] => Trainable params: 92386025
2026-01-17 01:44:42,390 [duct.py] => Learning on 1380-1725
2026-01-17 02:09:06,448 [duct.py] => Task 4, Epoch 1/15 => Loss 1.265
2026-01-17 02:16:32,229 [duct.py] => Task 4, Epoch 2/15 => Loss 0.730
2026-01-17 02:23:57,677 [duct.py] => Task 4, Epoch 3/15 => Loss 0.672
2026-01-17 02:31:23,061 [duct.py] => Task 4, Epoch 4/15 => Loss 0.630
2026-01-17 02:41:56,284 [base.py] => Hint: You are using _compute_accuracy_domain().
2026-01-17 02:46:01,307 [base.py] => Hint: You are using _compute_accuracy_domain().
2026-01-17 02:46:01,308 [duct.py] => Task 4, Epoch 5/15 => Loss 0.607, Train_accy 86.420, Test_accy 50.770
2026-01-17 02:53:26,789 [duct.py] => Task 4, Epoch 6/15 => Loss 0.577
2026-01-17 03:00:51,610 [duct.py] => Task 4, Epoch 7/15 => Loss 0.561
2026-01-17 03:08:17,639 [duct.py] => Task 4, Epoch 8/15 => Loss 0.539
2026-01-17 03:15:43,222 [duct.py] => Task 4, Epoch 9/15 => Loss 0.517
2026-01-17 03:26:15,831 [base.py] => Hint: You are using _compute_accuracy_domain().
2026-01-17 03:30:20,224 [base.py] => Hint: You are using _compute_accuracy_domain().
2026-01-17 03:30:20,225 [duct.py] => Task 4, Epoch 10/15 => Loss 0.504, Train_accy 88.470, Test_accy 49.150
2026-01-17 03:37:45,208 [duct.py] => Task 4, Epoch 11/15 => Loss 0.489
2026-01-17 03:45:10,389 [duct.py] => Task 4, Epoch 12/15 => Loss 0.475
2026-01-17 03:52:35,004 [duct.py] => Task 4, Epoch 13/15 => Loss 0.462
2026-01-17 03:59:59,648 [duct.py] => Task 4, Epoch 14/15 => Loss 0.450
2026-01-17 04:10:31,352 [base.py] => Hint: You are using _compute_accuracy_domain().
2026-01-17 04:14:35,584 [base.py] => Hint: You are using _compute_accuracy_domain().
2026-01-17 04:14:35,585 [duct.py] => Task 4, Epoch 15/15 => Loss 0.439, Train_accy 90.270, Test_accy 47.950
2026-01-17 04:59:31,844 [duct.py] => Backbone merge scalar: 0.25, re_scalar: 1.0
2026-01-17 05:03:34,205 [base.py] => Hint: You are using _compute_accuracy_domain().
2026-01-17 05:03:34,206 [duct.py] => Test accuracy of model after backbone merge: 68.77
2026-01-17 05:10:56,439 [duct.py] => Task 4, Epoch 1/5 => Loss 0.680
2026-01-17 05:18:18,803 [duct.py] => Task 4, Epoch 2/5 => Loss 0.638
2026-01-17 05:25:40,945 [duct.py] => Task 4, Epoch 3/5 => Loss 0.630
2026-01-17 05:33:02,881 [duct.py] => Task 4, Epoch 4/5 => Loss 0.626
2026-01-17 05:43:30,841 [base.py] => Hint: You are using _compute_accuracy_domain().
2026-01-17 05:47:35,410 [base.py] => Hint: You are using _compute_accuracy_domain().
2026-01-17 05:47:35,411 [duct.py] => Task 4, Epoch 5/5 => Loss 0.626, Train_accy 85.320, Test_accy 69.730
2026-01-17 05:51:38,198 [base.py] => Hint: You are using _compute_accuracy_domain().
2026-01-17 05:51:38,200 [duct.py] => Test accuracy of model after retraining: 69.73
2026-01-17 05:55:42,382 [base.py] => Hint: You are using _compute_accuracy_domain().
2026-01-17 05:55:42,383 [duct.py] => Test accuracy of model after classifier transport: 69.73
2026-01-17 06:06:23,756 [trainer.py] => DUCT_VIT: {'total': 69.73, '00-344': 77.62, '345-689': 41.25, '690-1034': 72.14, '1035-1379': 57.65, '1380-1724': 87.04, 'old': 61.05, 'new': 87.04}
2026-01-17 06:06:23,756 [trainer.py] => NME: {'total': 0.41, '00-344': 0.77, '345-689': 0.15, '690-1034': 0.38, '1035-1379': 0.31, '1380-1724': 0.51, 'old': 0.37, 'new': 0.51}
2026-01-17 06:06:23,756 [trainer.py] => DUCT_VIT top1 curve: [73.95, 60.97, 67.84, 63.97, 69.73]
2026-01-17 06:06:23,756 [trainer.py] => NME top1 curve: [0.32, 0.69, 0.43, 0.37, 0.41]
2026-01-17 06:06:23,756 [trainer.py] => Average NME top1: 0.44400000000000006
2026-01-17 06:06:23,756 [trainer.py] => Average top1: 67.292
2026-01-17 06:06:23,757 [trainer.py] => All params: 92650985
2026-01-17 06:06:23,758 [trainer.py] => Trainable params: 92650985
2026-01-17 06:06:23,758 [duct.py] => Learning on 1725-2070
2026-01-17 06:24:07,719 [duct.py] => Task 5, Epoch 1/15 => Loss 3.164
2026-01-17 06:27:10,824 [duct.py] => Task 5, Epoch 2/15 => Loss 1.671
2026-01-17 06:30:12,239 [duct.py] => Task 5, Epoch 3/15 => Loss 1.466
2026-01-17 06:33:13,781 [duct.py] => Task 5, Epoch 4/15 => Loss 1.334
2026-01-17 06:37:31,230 [base.py] => Hint: You are using _compute_accuracy_domain().
2026-01-17 06:41:49,049 [base.py] => Hint: You are using _compute_accuracy_domain().
2026-01-17 06:41:49,051 [duct.py] => Task 5, Epoch 5/15 => Loss 1.256, Train_accy 73.400, Test_accy 58.730
2026-01-17 06:44:50,003 [duct.py] => Task 5, Epoch 6/15 => Loss 1.189
2026-01-17 06:47:50,987 [duct.py] => Task 5, Epoch 7/15 => Loss 1.112
2026-01-17 06:50:51,717 [duct.py] => Task 5, Epoch 8/15 => Loss 1.078
2026-01-17 06:53:52,722 [duct.py] => Task 5, Epoch 9/15 => Loss 1.031
2026-01-17 06:58:10,360 [base.py] => Hint: You are using _compute_accuracy_domain().
2026-01-17 07:02:27,768 [base.py] => Hint: You are using _compute_accuracy_domain().
2026-01-17 07:02:27,770 [duct.py] => Task 5, Epoch 10/15 => Loss 0.988, Train_accy 78.840, Test_accy 57.170
2026-01-17 07:05:28,913 [duct.py] => Task 5, Epoch 11/15 => Loss 0.956
2026-01-17 07:08:30,378 [duct.py] => Task 5, Epoch 12/15 => Loss 0.918
2026-01-17 07:11:32,162 [duct.py] => Task 5, Epoch 13/15 => Loss 0.881
2026-01-17 07:14:33,642 [duct.py] => Task 5, Epoch 14/15 => Loss 0.853
2026-01-17 07:18:50,841 [base.py] => Hint: You are using _compute_accuracy_domain().
2026-01-17 07:23:08,857 [base.py] => Hint: You are using _compute_accuracy_domain().
2026-01-17 07:23:08,858 [duct.py] => Task 5, Epoch 15/15 => Loss 0.821, Train_accy 82.260, Test_accy 55.730
2026-01-17 08:07:33,465 [duct.py] => Backbone merge scalar: 0.25, re_scalar: 1.0
2026-01-17 08:11:50,393 [base.py] => Hint: You are using _compute_accuracy_domain().
2026-01-17 08:11:50,394 [duct.py] => Test accuracy of model after backbone merge: 68.27
2026-01-17 08:14:49,726 [duct.py] => Task 5, Epoch 1/5 => Loss 1.352
2026-01-17 08:17:49,748 [duct.py] => Task 5, Epoch 2/5 => Loss 1.251
2026-01-17 08:20:49,530 [duct.py] => Task 5, Epoch 3/5 => Loss 1.226
2026-01-17 08:23:49,119 [duct.py] => Task 5, Epoch 4/5 => Loss 1.220
2026-01-17 08:28:04,602 [base.py] => Hint: You are using _compute_accuracy_domain().
2026-01-17 08:32:22,124 [base.py] => Hint: You are using _compute_accuracy_domain().
2026-01-17 08:32:22,125 [duct.py] => Task 5, Epoch 5/5 => Loss 1.217, Train_accy 66.400, Test_accy 68.520
2026-01-17 08:36:39,750 [base.py] => Hint: You are using _compute_accuracy_domain().
2026-01-17 08:36:39,752 [duct.py] => Test accuracy of model after retraining: 68.52
2026-01-17 08:40:56,737 [base.py] => Hint: You are using _compute_accuracy_domain().
2026-01-17 08:40:56,739 [duct.py] => Test accuracy of model after classifier transport: 68.52
2026-01-17 08:52:44,342 [trainer.py] => DUCT_VIT: {'total': 68.52, '00-344': 75.29, '345-689': 40.3, '690-1034': 70.76, '1035-1379': 55.84, '1380-1724': 86.19, '1725-2069': 69.84, 'old': 68.34, 'new': 69.84}
2026-01-17 08:52:44,342 [trainer.py] => NME: {'total': 0.41, '00-344': 0.77, '345-689': 0.14, '690-1034': 0.38, '1035-1379': 0.31, '1380-1724': 0.51, '1725-2069': 0.41, 'old': 0.41, 'new': 0.41}
2026-01-17 08:52:44,343 [trainer.py] => DUCT_VIT top1 curve: [73.95, 60.97, 67.84, 63.97, 69.73, 68.52]
2026-01-17 08:52:44,343 [trainer.py] => NME top1 curve: [0.32, 0.69, 0.43, 0.37, 0.41, 0.41]
2026-01-17 08:52:44,343 [trainer.py] => Average NME top1: 0.4383333333333334
2026-01-17 08:52:44,343 [trainer.py] => Average top1: 67.49666666666667
2026-01-17 08:52:44,343 [trainer.py] => Accuracy Matrix:
2026-01-17 08:52:44,343 [trainer.py] => [73.95  0.    0.    0.    0.    0.  ]
2026-01-17 08:52:44,343 [trainer.py] => [78.94 44.13  0.    0.    0.    0.  ]
2026-01-17 08:52:44,343 [trainer.py] => [79.18 44.89 76.63  0.    0.    0.  ]
2026-01-17 08:52:44,344 [trainer.py] => [79.05 42.54 75.67 61.23  0.    0.  ]
2026-01-17 08:52:44,344 [trainer.py] => [77.62 41.25 72.14 57.65 87.04  0.  ]
2026-01-17 08:52:44,344 [trainer.py] => [75.29 40.3  70.76 55.84 86.19 69.84]
2026-01-17 08:52:44,344 [trainer.py] => Forgetting (after last task): 4.117999999999999
2026-01-17 08:52:44,344 [trainer.py] => NME Accuracy Matrix:
2026-01-17 08:52:44,344 [trainer.py] => [0.32 0.   0.   0.   0.   0.  ]
2026-01-17 08:52:44,344 [trainer.py] => [0.55 0.81 0.   0.   0.   0.  ]
2026-01-17 08:52:44,344 [trainer.py] => [0.77 0.15 0.39 0.   0.   0.  ]
2026-01-17 08:52:44,345 [trainer.py] => [0.76 0.14 0.38 0.31 0.   0.  ]
2026-01-17 08:52:44,345 [trainer.py] => [0.77 0.15 0.38 0.31 0.51 0.  ]
2026-01-17 08:52:44,345 [trainer.py] => [0.77 0.14 0.38 0.31 0.51 0.41]
2026-01-17 08:52:44,345 [trainer.py] => NME Forgetting (after last task): 0.136
